<?xml version="1.0" encoding="UTF-8"?>
<!-- Generated by org.testng.reporters.JUnitReportReporter -->
<testsuite skipped="0" hostname="LTMAVH1" name="com.searchModule.searchTest.searchTest" tests="2" failures="0" timestamp="14 Apr 2020 07:44:50 GMT" time="11.251" errors="0">
  <testcase name="search" time="5.667" classname="com.searchModule.searchTest.searchTest"/>
  <testcase name="search" time="5.584" classname="com.searchModule.searchTest.searchTest"/>
</testsuite> <!-- com.searchModule.searchTest.searchTest -->
