<?xml version="1.0" encoding="UTF-8"?>
<!-- Generated by org.testng.reporters.JUnitReportReporter -->
<testsuite hostname="LTMAVH1" name="com.searchModule.searchTest.searchTest" tests="4" failures="0" timestamp="13 Apr 2020 07:07:09 GMT" time="25.542" errors="0">
  <testcase name="search" time="6.480" classname="com.searchModule.searchTest.searchTest"/>
  <testcase name="search" time="7.227" classname="com.searchModule.searchTest.searchTest"/>
  <testcase name="search" time="5.911" classname="com.searchModule.searchTest.searchTest"/>
  <testcase name="search" time="5.924" classname="com.searchModule.searchTest.searchTest"/>
</testsuite> <!-- com.searchModule.searchTest.searchTest -->
